<?xml version="1.0" encoding="UTF-8"?>
<!-- Generated by org.testng.reporters.JUnitReportReporter -->
<testsuite hostname="DESKTOP-615M46O" failures="0" tests="2" name="SeleniumPractice.Program2Test" time="52.123" errors="0" timestamp="2024-10-24T15:43:40 IST" skipped="0">
  <testcase classname="SeleniumPractice.Program2Test" name="testcase1" time="13.916"/>
  <system-out/>
  <testcase classname="SeleniumPractice.Program2Test" name="testcase" time="38.207"/>
  <system-out/>
</testsuite> <!-- SeleniumPractice.Program2Test -->
